(node:10816) Warning: Accessing non-existent property 'padLevels' of module exports inside circular dependency
(Use `node --trace-warnings ...` to show where the warning was created)
Express started in development mode on http://localhost:3000; press Ctrl-C to terminate.
UNCAUGHT EXCEPTION
 Error: Kaboom!
    at C:\Users\ac999\Desktop\개인프로젝트\NodeExpress\ch12\01-server.js:18:11
    at processTicksAndRejections (internal/process/task_queues.js:77:11)
error: Forever detected script exited with code: 1
error: Script restart attempt #1
Express started in development mode on http://localhost:3000; press Ctrl-C to terminate.
Error: Nope!
    at C:\Users\ac999\Desktop\개인프로젝트\NodeExpress\ch12\01-server.js:13:11
    at Layer.handle [as handle_request] (C:\Users\ac999\Desktop\개인프로젝트\NodeExpress\ch12\node_modules\express\lib\router\layer.js:95:5)
    at next (C:\Users\ac999\Desktop\개인프로젝트\NodeExpress\ch12\node_modules\express\lib\router\route.js:137:13)
    at Route.dispatch (C:\Users\ac999\Desktop\개인프로젝트\NodeExpress\ch12\node_modules\express\lib\router\route.js:112:3)
    at Layer.handle [as handle_request] (C:\Users\ac999\Desktop\개인프로젝트\NodeExpress\ch12\node_modules\express\lib\router\layer.js:95:5)
    at C:\Users\ac999\Desktop\개인프로젝트\NodeExpress\ch12\node_modules\express\lib\router\index.js:281:22
    at Function.process_params (C:\Users\ac999\Desktop\개인프로젝트\NodeExpress\ch12\node_modules\express\lib\router\index.js:335:12)
    at next (C:\Users\ac999\Desktop\개인프로젝트\NodeExpress\ch12\node_modules\express\lib\router\index.js:275:10)
    at C:\Users\ac999\Desktop\개인프로젝트\NodeExpress\ch12\01-server.js:9:3
    at Layer.handle [as handle_request] (C:\Users\ac999\Desktop\개인프로젝트\NodeExpress\ch12\node_modules\express\lib\router\layer.js:95:5)
UNCAUGHT EXCEPTION
 Error: Kaboom!
    at C:\Users\ac999\Desktop\개인프로젝트\NodeExpress\ch12\01-server.js:18:11
    at processTicksAndRejections (internal/process/task_queues.js:77:11)
error: Forever detected script exited with code: 1
error: Script restart attempt #2
Express started in development mode on http://localhost:3000; press Ctrl-C to terminate.
UNCAUGHT EXCEPTION
 Error: Kaboom!
    at C:\Users\ac999\Desktop\개인프로젝트\NodeExpress\ch12\01-server.js:18:11
    at processTicksAndRejections (internal/process/task_queues.js:77:11)
error: Forever detected script exited with code: 1
error: Script restart attempt #3
Express started in development mode on http://localhost:3000; press Ctrl-C to terminate.
UNCAUGHT EXCEPTION
 Error: Kaboom!
    at C:\Users\ac999\Desktop\개인프로젝트\NodeExpress\ch12\01-server.js:18:11
    at processTicksAndRejections (internal/process/task_queues.js:77:11)
error: Forever detected script exited with code: 1
error: Script restart attempt #4
Express started in development mode on http://localhost:3000; press Ctrl-C to terminate.
UNCAUGHT EXCEPTION
 Error: Kaboom!
    at C:\Users\ac999\Desktop\개인프로젝트\NodeExpress\ch12\01-server.js:18:11
    at processTicksAndRejections (internal/process/task_queues.js:77:11)
error: Forever detected script exited with code: 1
error: Script restart attempt #5
Express started in development mode on http://localhost:3000; press Ctrl-C to terminate.
UNCAUGHT EXCEPTION
 Error: Kaboxzcxzom!
    at C:\Users\ac999\Desktop\개인프로젝트\NodeExpress\ch12\01-server.js:23:11
    at processTicksAndRejections (internal/process/task_queues.js:77:11)
error: Forever detected script exited with code: 1
