(node:9336) Warning: Accessing non-existent property 'padLevels' of module exports inside circular dependency
(Use `node --trace-warnings ...` to show where the warning was created)
CLUSTER: Worker 1 started
CLUSTER: Worker 2 started
CLUSTER: Worker 3 started
CLUSTER: Worker 4 started
Express started in development mode on http://localhost:3000; press Ctrl-C to terminate.
Express started in development mode on http://localhost:3000; press Ctrl-C to terminate.
Express started in development mode on http://localhost:3000; press Ctrl-C to terminate.
Express started in development mode on http://localhost:3000; press Ctrl-C to terminate.
Worker 3 received request
Worker 3 received request
Worker 3 received request
Worker 3 received request
Worker 3 received request
Worker 3 received request
Worker 3 received request
Worker 3 received request
Worker 3 received request
Worker 3 received request
Worker 3 received request
Worker 3 received request
Worker 3 received request
Worker 3 received request
CLUSTER: Worker 3 disconnected from the cluster.
CLUSTER: Worker 3 died with exit code 3221225786 (null)
CLUSTER: Worker 5 started
Express started in development mode on http://localhost:3000; press Ctrl-C to terminate.
CLUSTER: Worker 5 disconnected from the cluster.
CLUSTER: Worker 5 died with exit code 3221225786 (null)
CLUSTER: Worker 6 started
Express started in development mode on http://localhost:3000; press Ctrl-C to terminate.
CLUSTER: Worker 2 disconnected from the cluster.
CLUSTER: Worker 2 died with exit code 3221225786 (null)
CLUSTER: Worker 7 started
Express started in development mode on http://localhost:3000; press Ctrl-C to terminate.
error: Forever detected script exited with code: 1
