(node:8052) Warning: Accessing non-existent property 'padLevels' of module exports inside circular dependency
(Use `node --trace-warnings ...` to show where the warning was created)
Express started in development at http://localhost:3000; press Ctrl-C to terminate.
[0mGET / [36m304[0m 3.942 ms - -[0m
[0mGET /favicon.ico [32m200[0m 0.464 ms - 6[0m
[0mGET / [36m304[0m 0.725 ms - -[0m
[0mGET /favicon.ico [32m200[0m 0.920 ms - 6[0m
[0mGET / [36m304[0m 0.720 ms - -[0m
[0mGET /favicon.ico [32m200[0m 0.324 ms - 6[0m
[0mGET / [36m304[0m 0.446 ms - -[0m
[0mGET /favicon.ico [32m200[0m 0.251 ms - 6[0m
[0mGET / [36m304[0m 0.289 ms - -[0m
[0mGET /favicon.ico [32m200[0m 0.244 ms - 6[0m
[0mGET / [36m304[0m 0.349 ms - -[0m
[0mGET /favicon.ico [32m200[0m 0.302 ms - 6[0m
[0mGET / [36m304[0m 0.329 ms - -[0m
[0mGET /favicon.ico [32m200[0m 0.401 ms - 6[0m
[0mGET / [36m304[0m 0.265 ms - -[0m
[0mGET /favicon.ico [32m200[0m 0.266 ms - 6[0m
[0mGET / [36m304[0m 0.291 ms - -[0m
[0mGET /favicon.ico [32m200[0m 0.279 ms - 6[0m
[0mGET / [36m304[0m 0.278 ms - -[0m
[0mGET /favicon.ico [32m200[0m 0.353 ms - 6[0m
error: Forever detected script exited with code: 1
